Using pre-set license
Built from '2020.3/staging' branch; Version is '2020.3.17f1 (a4537701e4ab) revision 10769271'; Using compiler version '192528614'; Build Type 'Release'
OS: 'Windows 10 Home Single Language; OS build 22000.318; Version 2009; 64bit' Language: 'ru' Physical Memory: 16224 MB
BatchMode: 1, IsHumanControllingUs: 0, StartBugReporterOnCrash: 0, Is64bit: 1, IsPro: 0

COMMAND LINE ARGUMENTS:
C:\Program Files\Unity\2020.3.17f1\Editor\Unity.exe
-adb2
-batchMode
-noUpm
-name
AssetImportWorker0
-projectPath
D:/project/5th Semestr/Game Engines 3-my
-logFile
Logs/AssetImportWorker0.log
-srvPort
11604
Successfully changed project path to: D:/project/5th Semestr/Game Engines 3-my
D:/project/5th Semestr/Game Engines 3-my
Using Asset Import Pipeline V2.
Refreshing native plugins compatible for Editor in 45.86 ms, found 2 plugins.
Preloading 0 native plugins for Editor in 0.00 ms.
Initialize engine version: 2020.3.17f1 (a4537701e4ab)
[Subsystems] Discovering subsystems at path C:/Program Files/Unity/2020.3.17f1/Editor/Data/Resources/UnitySubsystems
[Subsystems] Discovering subsystems at path D:/project/5th Semestr/Game Engines 3-my/Assets
GfxDevice: creating device client; threaded=0
Direct3D:
    Version:  Direct3D 11.0 [level 11.1]
    Renderer: NVIDIA GeForce RTX 2060 (ID=0x1f11)
    Vendor:   
    VRAM:     5980 MB
    Driver:   30.0.14.9649
Initialize mono
Mono path[0] = 'C:/Program Files/Unity/2020.3.17f1/Editor/Data/Managed'
Mono path[1] = 'C:/Program Files/Unity/2020.3.17f1/Editor/Data/MonoBleedingEdge/lib/mono/unityjit'
Mono config path = 'C:/Program Files/Unity/2020.3.17f1/Editor/Data/MonoBleedingEdge/etc'
Using monoOptions --debugger-agent=transport=dt_socket,embedding=1,server=y,suspend=n,address=127.0.0.1:56364
Begin MonoManager ReloadAssembly
Registering precompiled unity dll's ...
Register platform support module: C:/Program Files/Unity/2020.3.17f1/Editor/Data/PlaybackEngines/WindowsStandaloneSupport/UnityEditor.WindowsStandalone.Extensions.dll
Registered in 0.001511 seconds.
Native extension for WindowsStandalone target not found
Refreshing native plugins compatible for Editor in 46.63 ms, found 2 plugins.
Preloading 0 native plugins for Editor in 0.00 ms.
Mono: successfully reloaded assembly
- Completed reload, in  1.402 seconds
Domain Reload Profiling:
	ReloadAssembly (1402ms)
		BeginReloadAssembly (66ms)
			ExecutionOrderSort (0ms)
			DisableScriptedObjects (0ms)
			BackupInstance (0ms)
			ReleaseScriptingObjects (0ms)
			CreateAndSetChildDomain (1ms)
		EndReloadAssembly (548ms)
			LoadAssemblies (63ms)
			RebuildTransferFunctionScriptingTraits (0ms)
			SetupTypeCache (203ms)
			ReleaseScriptCaches (0ms)
			RebuildScriptCaches (47ms)
			SetupLoadedEditorAssemblies (206ms)
				LogAssemblyErrors (0ms)
				InitializePlatformSupportModulesInManaged (6ms)
				SetLoadedEditorAssemblies (0ms)
				RefreshPlugins (47ms)
				BeforeProcessingInitializeOnLoad (16ms)
				ProcessInitializeOnLoadAttributes (97ms)
				ProcessInitializeOnLoadMethodAttributes (40ms)
				AfterProcessingInitializeOnLoad (0ms)
				EditorAssembliesLoaded (0ms)
			ExecutionOrderSort2 (0ms)
			AwakeInstancesAfterBackupRestoration (0ms)
Platform modules already initialized, skipping
Registering precompiled user dll's ...
Registered in 0.005160 seconds.
Begin MonoManager ReloadAssembly
Native extension for WindowsStandalone target not found
Refreshing native plugins compatible for Editor in 0.67 ms, found 2 plugins.
Preloading 0 native plugins for Editor in 0.00 ms.
Mono: successfully reloaded assembly
- Completed reload, in  1.510 seconds
Domain Reload Profiling:
	ReloadAssembly (1512ms)
		BeginReloadAssembly (194ms)
			ExecutionOrderSort (0ms)
			DisableScriptedObjects (7ms)
			BackupInstance (0ms)
			ReleaseScriptingObjects (0ms)
			CreateAndSetChildDomain (30ms)
		EndReloadAssembly (1238ms)
			LoadAssemblies (121ms)
			RebuildTransferFunctionScriptingTraits (0ms)
			SetupTypeCache (397ms)
			ReleaseScriptCaches (1ms)
			RebuildScriptCaches (71ms)
			SetupLoadedEditorAssemblies (505ms)
				LogAssemblyErrors (0ms)
				InitializePlatformSupportModulesInManaged (6ms)
				SetLoadedEditorAssemblies (1ms)
				RefreshPlugins (1ms)
				BeforeProcessingInitializeOnLoad (113ms)
				ProcessInitializeOnLoadAttributes (368ms)
				ProcessInitializeOnLoadMethodAttributes (10ms)
				AfterProcessingInitializeOnLoad (6ms)
				EditorAssembliesLoaded (0ms)
			ExecutionOrderSort2 (0ms)
			AwakeInstancesAfterBackupRestoration (7ms)
Platform modules already initialized, skipping
========================================================================
Worker process is ready to serve import requests
Launched and connected shader compiler UnityShaderCompiler.exe after 0.10 seconds
Refreshing native plugins compatible for Editor in 0.57 ms, found 2 plugins.
Preloading 0 native plugins for Editor in 0.00 ms.
Unloading 1614 Unused Serialized files (Serialized files now loaded: 0)
System memory in use before: 73.1 MB.
System memory in use after: 73.2 MB.

Unloading 24 unused Assets to reduce memory usage. Loaded Objects now: 2045.
Total: 4.843400 ms (FindLiveObjects: 0.522800 ms CreateObjectMapping: 0.265300 ms MarkObjects: 3.969300 ms  DeleteObjects: 0.084000 ms)

AssetImportParameters requested are different than current active one (requested -> active):
  custom:framework-win-MediaFoundation: 216162199b28c13a410421893ffa2e32 -> 
  custom:video-decoder-ogg-theora: a1e56fd34408186e4bbccfd4996cb3dc -> 
  custom:container-muxer-webm: aa71ff27fc2769a1b78a27578f13a17b -> 
  custom:container-demuxer-webm: 4f35f7cbe854078d1ac9338744f61a02 -> 
  custom:container-demuxer-ogg: 62fdf1f143b41e24485cea50d1cbac27 -> 
  custom:video-encoder-webm-vp8: eb34c28f22e8b96e1ab97ce403110664 -> 
  custom:video-codec-MediaFoundation-h265: 746d11721c4dcdbdad8f713fa42b33f4 -> 
  custom:video-decoder-webm-vp8: 9c59270c3fd7afecdb556c50c9e8de78 -> 
  custom:audio-decoder-ogg-vorbis: bf7c407c2cedff20999df2af8eb42d56 -> 
  custom:audio-encoder-webm-vorbis: bf7c407c2cedff20999df2af8eb42d56 -> 
========================================================================
Received Import Request.
  path: Assets/Resources/RC_Player_CarSport 1.prefab
  artifactKey: Guid(446bcc29e761ecc4ca306ff6467707e0) Importer(815301076,1909f56bfc062723c751e8b465ee728b)
Start importing Assets/Resources/RC_Player_CarSport 1.prefab using Guid(446bcc29e761ecc4ca306ff6467707e0) Importer(815301076,1909f56bfc062723c751e8b465ee728b)  -> (artifact id: '94683289d8e3833bfbbc36f822799a13') in 0.214144 seconds 
  Import took 0.219564 seconds .

========================================================================
Received Import Request.
  Time since last request: 12.091565 seconds.
  path: Assets/Resources/RC_Player_CarSport2.prefab
  artifactKey: Guid(446bcc29e761ecc4ca306ff6467707e0) Importer(815301076,1909f56bfc062723c751e8b465ee728b)
Start importing Assets/Resources/RC_Player_CarSport2.prefab using Guid(446bcc29e761ecc4ca306ff6467707e0) Importer(815301076,1909f56bfc062723c751e8b465ee728b)  -> (artifact id: 'acfa191b86cf0ff66e804b188a4de14a') in 0.052431 seconds 
  Import took 0.061099 seconds .

========================================================================
Received Import Request.
  Time since last request: 11.761280 seconds.
  path: Assets/Materials/CarS/CarSport.mat
  artifactKey: Guid(8f6c0d3f65bae204db38fe95a6cd43e4) Importer(815301076,1909f56bfc062723c751e8b465ee728b)
Start importing Assets/Materials/CarS/CarSport.mat using Guid(8f6c0d3f65bae204db38fe95a6cd43e4) Importer(815301076,1909f56bfc062723c751e8b465ee728b)  -> (artifact id: '8c5855967b08f6cf6895f8919cca21a3') in 0.072395 seconds 
  Import took 0.078789 seconds .

========================================================================
Received Import Request.
  Time since last request: 0.004956 seconds.
  path: Assets/Materials/CarS/CarSport.mat
  artifactKey: Guid(8f6c0d3f65bae204db38fe95a6cd43e4) Importer(815301076,1909f56bfc062723c751e8b465ee728b)
Start importing Assets/Materials/CarS/CarSport.mat using Guid(8f6c0d3f65bae204db38fe95a6cd43e4) Importer(815301076,1909f56bfc062723c751e8b465ee728b)  -> (artifact id: '8c5855967b08f6cf6895f8919cca21a3') in 0.042672 seconds 
  Import took 0.048902 seconds .

========================================================================
Received Import Request.
  Time since last request: 5.093253 seconds.
  path: Assets/Materials/CarS/CarSport2.mat
  artifactKey: Guid(72b6dbc0d8f285146af38bdfb3736ed8) Importer(815301076,1909f56bfc062723c751e8b465ee728b)
Start importing Assets/Materials/CarS/CarSport2.mat using Guid(72b6dbc0d8f285146af38bdfb3736ed8) Importer(815301076,1909f56bfc062723c751e8b465ee728b)  -> (artifact id: '9fc47a257a00e169fe00220b5fcf333d') in 0.039179 seconds 
  Import took 0.046489 seconds .

========================================================================
Received Import Request.
  Time since last request: 77.176875 seconds.
  path: Assets/Materials/CarS/CyberCar.mat
  artifactKey: Guid(72b6dbc0d8f285146af38bdfb3736ed8) Importer(815301076,1909f56bfc062723c751e8b465ee728b)
Start importing Assets/Materials/CarS/CyberCar.mat using Guid(72b6dbc0d8f285146af38bdfb3736ed8) Importer(815301076,1909f56bfc062723c751e8b465ee728b)  -> (artifact id: '6e0849a1b80d0496ab4e12edaca017d9') in 0.046481 seconds 
  Import took 0.054455 seconds .

========================================================================
Received Import Request.
  Time since last request: 32.425056 seconds.
  path: Assets/Scenes/RaceModeLevel.unity
  artifactKey: Guid(df8457648c2e3034eada5ec7fa52cb09) Importer(815301076,1909f56bfc062723c751e8b465ee728b)
Start importing Assets/Scenes/RaceModeLevel.unity using Guid(df8457648c2e3034eada5ec7fa52cb09) Importer(815301076,1909f56bfc062723c751e8b465ee728b)  -> (artifact id: 'd6b76f73015b2a3051e86512424febb5') in 0.016313 seconds 
  Import took 0.021046 seconds .

========================================================================
Received Import Request.
  Time since last request: 9.564827 seconds.
  path: Assets/Resources/RC_Player_CarSport2.prefab
  artifactKey: Guid(446bcc29e761ecc4ca306ff6467707e0) Importer(815301076,1909f56bfc062723c751e8b465ee728b)
Start importing Assets/Resources/RC_Player_CarSport2.prefab using Guid(446bcc29e761ecc4ca306ff6467707e0) Importer(815301076,1909f56bfc062723c751e8b465ee728b)  -> (artifact id: '4e6b13a0b5323d8395af8e815f811a46') in 0.036039 seconds 
  Import took 0.043124 seconds .

========================================================================
Received Import Request.
  Time since last request: 5.969979 seconds.
  path: Assets/Resources/RC_Player_CyberCar.prefab
  artifactKey: Guid(446bcc29e761ecc4ca306ff6467707e0) Importer(815301076,1909f56bfc062723c751e8b465ee728b)
Start importing Assets/Resources/RC_Player_CyberCar.prefab using Guid(446bcc29e761ecc4ca306ff6467707e0) Importer(815301076,1909f56bfc062723c751e8b465ee728b)  -> (artifact id: '7e28d9278363b32181cecadd974c3d8a') in 0.036764 seconds 
  Import took 0.043301 seconds .

========================================================================
Received Import Request.
  Time since last request: 38.542671 seconds.
  path: Assets/Scripts/carParamSO.cs
  artifactKey: Guid(2d78ecc13f7c3fe408e34b3a7400e9cb) Importer(815301076,1909f56bfc062723c751e8b465ee728b)
Start importing Assets/Scripts/carParamSO.cs using Guid(2d78ecc13f7c3fe408e34b3a7400e9cb) Importer(815301076,1909f56bfc062723c751e8b465ee728b)  -> (artifact id: 'b4162427bee6f93ef12f1c9de307ee85') in 0.019891 seconds 
  Import took 0.026524 seconds .

========================================================================
Received Prepare
Registering precompiled user dll's ...
Registered in 0.009306 seconds.
Begin MonoManager ReloadAssembly
Native extension for WindowsStandalone target not found
Refreshing native plugins compatible for Editor in 1.18 ms, found 2 plugins.
Preloading 0 native plugins for Editor in 0.00 ms.
Mono: successfully reloaded assembly
- Completed reload, in  2.087 seconds
Domain Reload Profiling:
	ReloadAssembly (2088ms)
		BeginReloadAssembly (170ms)
			ExecutionOrderSort (0ms)
			DisableScriptedObjects (11ms)
			BackupInstance (0ms)
			ReleaseScriptingObjects (0ms)
			CreateAndSetChildDomain (52ms)
		EndReloadAssembly (1792ms)
			LoadAssemblies (173ms)
			RebuildTransferFunctionScriptingTraits (0ms)
			SetupTypeCache (486ms)
			ReleaseScriptCaches (2ms)
			RebuildScriptCaches (89ms)
			SetupLoadedEditorAssemblies (611ms)
				LogAssemblyErrors (0ms)
				InitializePlatformSupportModulesInManaged (10ms)
				SetLoadedEditorAssemblies (1ms)
				RefreshPlugins (1ms)
				BeforeProcessingInitializeOnLoad (116ms)
				ProcessInitializeOnLoadAttributes (452ms)
				ProcessInitializeOnLoadMethodAttributes (16ms)
				AfterProcessingInitializeOnLoad (13ms)
				EditorAssembliesLoaded (1ms)
			ExecutionOrderSort2 (0ms)
			AwakeInstancesAfterBackupRestoration (278ms)
Platform modules already initialized, skipping
Refreshing native plugins compatible for Editor in 0.52 ms, found 2 plugins.
Preloading 0 native plugins for Editor in 0.00 ms.
Unloading 1608 Unused Serialized files (Serialized files now loaded: 0)
System memory in use before: 76.2 MB.
System memory in use after: 76.3 MB.

Unloading 18 unused Assets to reduce memory usage. Loaded Objects now: 2089.
Total: 4.392500 ms (FindLiveObjects: 0.318000 ms CreateObjectMapping: 0.087100 ms MarkObjects: 3.953900 ms  DeleteObjects: 0.031500 ms)

AssetImportParameters requested are different than current active one (requested -> active):
  custom:framework-win-MediaFoundation: 216162199b28c13a410421893ffa2e32 -> 
  custom:video-decoder-ogg-theora: a1e56fd34408186e4bbccfd4996cb3dc -> 
  custom:container-muxer-webm: aa71ff27fc2769a1b78a27578f13a17b -> 
  custom:container-demuxer-webm: 4f35f7cbe854078d1ac9338744f61a02 -> 
  custom:container-demuxer-ogg: 62fdf1f143b41e24485cea50d1cbac27 -> 
  custom:video-encoder-webm-vp8: eb34c28f22e8b96e1ab97ce403110664 -> 
  custom:video-codec-MediaFoundation-h265: 746d11721c4dcdbdad8f713fa42b33f4 -> 
  custom:video-decoder-webm-vp8: 9c59270c3fd7afecdb556c50c9e8de78 -> 
  custom:audio-decoder-ogg-vorbis: bf7c407c2cedff20999df2af8eb42d56 -> 
  custom:audio-encoder-webm-vorbis: bf7c407c2cedff20999df2af8eb42d56 -> 
========================================================================
Received Import Request.
  Time since last request: 228.577212 seconds.
  path: Assets/Scripts/carParamSO.cs
  artifactKey: Guid(2d78ecc13f7c3fe408e34b3a7400e9cb) Importer(815301076,1909f56bfc062723c751e8b465ee728b)
Start importing Assets/Scripts/carParamSO.cs using Guid(2d78ecc13f7c3fe408e34b3a7400e9cb) Importer(815301076,1909f56bfc062723c751e8b465ee728b)  -> (artifact id: '53d4bffb06ba2ca249ff053e6c94fb30') in 0.008609 seconds 
  Import took 0.015084 seconds .

========================================================================
Received Import Request.
  Time since last request: 0.070394 seconds.
  path: Assets/Scripts/carParamSO.cs
  artifactKey: Guid(2d78ecc13f7c3fe408e34b3a7400e9cb) Importer(815301076,1909f56bfc062723c751e8b465ee728b)
Start importing Assets/Scripts/carParamSO.cs using Guid(2d78ecc13f7c3fe408e34b3a7400e9cb) Importer(815301076,1909f56bfc062723c751e8b465ee728b)  -> (artifact id: '53d4bffb06ba2ca249ff053e6c94fb30') in 0.004512 seconds 
  Import took 0.008332 seconds .

========================================================================
Received Prepare
Registering precompiled user dll's ...
Registered in 0.004701 seconds.
Begin MonoManager ReloadAssembly
Native extension for WindowsStandalone target not found
Refreshing native plugins compatible for Editor in 0.39 ms, found 2 plugins.
Preloading 0 native plugins for Editor in 0.00 ms.
Mono: successfully reloaded assembly
- Completed reload, in  1.189 seconds
Domain Reload Profiling:
	ReloadAssembly (1190ms)
		BeginReloadAssembly (121ms)
			ExecutionOrderSort (0ms)
			DisableScriptedObjects (5ms)
			BackupInstance (0ms)
			ReleaseScriptingObjects (0ms)
			CreateAndSetChildDomain (41ms)
		EndReloadAssembly (997ms)
			LoadAssemblies (101ms)
			RebuildTransferFunctionScriptingTraits (0ms)
			SetupTypeCache (349ms)
			ReleaseScriptCaches (1ms)
			RebuildScriptCaches (44ms)
			SetupLoadedEditorAssemblies (380ms)
				LogAssemblyErrors (0ms)
				InitializePlatformSupportModulesInManaged (5ms)
				SetLoadedEditorAssemblies (0ms)
				RefreshPlugins (0ms)
				BeforeProcessingInitializeOnLoad (87ms)
				ProcessInitializeOnLoadAttributes (275ms)
				ProcessInitializeOnLoadMethodAttributes (6ms)
				AfterProcessingInitializeOnLoad (5ms)
				EditorAssembliesLoaded (0ms)
			ExecutionOrderSort2 (0ms)
			AwakeInstancesAfterBackupRestoration (7ms)
Platform modules already initialized, skipping
Refreshing native plugins compatible for Editor in 0.75 ms, found 2 plugins.
Preloading 0 native plugins for Editor in 0.00 ms.
Unloading 1608 Unused Serialized files (Serialized files now loaded: 0)
System memory in use before: 76.2 MB.
System memory in use after: 76.4 MB.

Unloading 18 unused Assets to reduce memory usage. Loaded Objects now: 2092.
Total: 3.332300 ms (FindLiveObjects: 0.209400 ms CreateObjectMapping: 0.047400 ms MarkObjects: 3.043400 ms  DeleteObjects: 0.030700 ms)

AssetImportParameters requested are different than current active one (requested -> active):
  custom:framework-win-MediaFoundation: 216162199b28c13a410421893ffa2e32 -> 
  custom:video-decoder-ogg-theora: a1e56fd34408186e4bbccfd4996cb3dc -> 
  custom:container-muxer-webm: aa71ff27fc2769a1b78a27578f13a17b -> 
  custom:container-demuxer-webm: 4f35f7cbe854078d1ac9338744f61a02 -> 
  custom:container-demuxer-ogg: 62fdf1f143b41e24485cea50d1cbac27 -> 
  custom:video-encoder-webm-vp8: eb34c28f22e8b96e1ab97ce403110664 -> 
  custom:video-codec-MediaFoundation-h265: 746d11721c4dcdbdad8f713fa42b33f4 -> 
  custom:video-decoder-webm-vp8: 9c59270c3fd7afecdb556c50c9e8de78 -> 
  custom:audio-decoder-ogg-vorbis: bf7c407c2cedff20999df2af8eb42d56 -> 
  custom:audio-encoder-webm-vorbis: bf7c407c2cedff20999df2af8eb42d56 -> 
========================================================================
Received Import Request.
  Time since last request: 153.540041 seconds.
  path: Assets/Scripts/carParamSO.cs
  artifactKey: Guid(2d78ecc13f7c3fe408e34b3a7400e9cb) Importer(815301076,1909f56bfc062723c751e8b465ee728b)
Start importing Assets/Scripts/carParamSO.cs using Guid(2d78ecc13f7c3fe408e34b3a7400e9cb) Importer(815301076,1909f56bfc062723c751e8b465ee728b)  -> (artifact id: 'ada2e368737218ab057c3534a81ce43c') in 0.013989 seconds 
  Import took 0.046116 seconds .

========================================================================
Received Import Request.
  Time since last request: 0.074669 seconds.
  path: Assets/Scripts/carParamSO.cs
  artifactKey: Guid(2d78ecc13f7c3fe408e34b3a7400e9cb) Importer(815301076,1909f56bfc062723c751e8b465ee728b)
Start importing Assets/Scripts/carParamSO.cs using Guid(2d78ecc13f7c3fe408e34b3a7400e9cb) Importer(815301076,1909f56bfc062723c751e8b465ee728b)  -> (artifact id: 'ada2e368737218ab057c3534a81ce43c') in 0.004226 seconds 
  Import took 0.010366 seconds .

========================================================================
Received Prepare
Registering precompiled user dll's ...
Registered in 0.004883 seconds.
Begin MonoManager ReloadAssembly
Native extension for WindowsStandalone target not found
Refreshing native plugins compatible for Editor in 0.52 ms, found 2 plugins.
Preloading 0 native plugins for Editor in 0.00 ms.
Mono: successfully reloaded assembly
- Completed reload, in  1.258 seconds
Domain Reload Profiling:
	ReloadAssembly (1259ms)
		BeginReloadAssembly (112ms)
			ExecutionOrderSort (0ms)
			DisableScriptedObjects (5ms)
			BackupInstance (0ms)
			ReleaseScriptingObjects (0ms)
			CreateAndSetChildDomain (35ms)
		EndReloadAssembly (1072ms)
			LoadAssemblies (107ms)
			RebuildTransferFunctionScriptingTraits (0ms)
			SetupTypeCache (391ms)
			ReleaseScriptCaches (2ms)
			RebuildScriptCaches (53ms)
			SetupLoadedEditorAssemblies (364ms)
				LogAssemblyErrors (0ms)
				InitializePlatformSupportModulesInManaged (6ms)
				SetLoadedEditorAssemblies (0ms)
				RefreshPlugins (1ms)
				BeforeProcessingInitializeOnLoad (86ms)
				ProcessInitializeOnLoadAttributes (260ms)
				ProcessInitializeOnLoadMethodAttributes (6ms)
				AfterProcessingInitializeOnLoad (5ms)
				EditorAssembliesLoaded (0ms)
			ExecutionOrderSort2 (0ms)
			AwakeInstancesAfterBackupRestoration (7ms)
Platform modules already initialized, skipping
Refreshing native plugins compatible for Editor in 0.46 ms, found 2 plugins.
Preloading 0 native plugins for Editor in 0.00 ms.
Unloading 1608 Unused Serialized files (Serialized files now loaded: 0)
System memory in use before: 76.3 MB.
System memory in use after: 76.4 MB.

Unloading 18 unused Assets to reduce memory usage. Loaded Objects now: 2095.
Total: 3.806300 ms (FindLiveObjects: 0.292300 ms CreateObjectMapping: 0.054400 ms MarkObjects: 3.431000 ms  DeleteObjects: 0.026800 ms)

AssetImportParameters requested are different than current active one (requested -> active):
  custom:framework-win-MediaFoundation: 216162199b28c13a410421893ffa2e32 -> 
  custom:video-decoder-ogg-theora: a1e56fd34408186e4bbccfd4996cb3dc -> 
  custom:container-muxer-webm: aa71ff27fc2769a1b78a27578f13a17b -> 
  custom:container-demuxer-webm: 4f35f7cbe854078d1ac9338744f61a02 -> 
  custom:container-demuxer-ogg: 62fdf1f143b41e24485cea50d1cbac27 -> 
  custom:video-encoder-webm-vp8: eb34c28f22e8b96e1ab97ce403110664 -> 
  custom:video-codec-MediaFoundation-h265: 746d11721c4dcdbdad8f713fa42b33f4 -> 
  custom:video-decoder-webm-vp8: 9c59270c3fd7afecdb556c50c9e8de78 -> 
  custom:audio-decoder-ogg-vorbis: bf7c407c2cedff20999df2af8eb42d56 -> 
  custom:audio-encoder-webm-vorbis: bf7c407c2cedff20999df2af8eb42d56 -> 
========================================================================
Received Prepare
Registering precompiled user dll's ...
Registered in 0.005885 seconds.
Begin MonoManager ReloadAssembly
Native extension for WindowsStandalone target not found
Refreshing native plugins compatible for Editor in 0.67 ms, found 2 plugins.
Preloading 0 native plugins for Editor in 0.00 ms.
Mono: successfully reloaded assembly
- Completed reload, in  1.333 seconds
Domain Reload Profiling:
	ReloadAssembly (1333ms)
		BeginReloadAssembly (117ms)
			ExecutionOrderSort (0ms)
			DisableScriptedObjects (5ms)
			BackupInstance (0ms)
			ReleaseScriptingObjects (0ms)
			CreateAndSetChildDomain (37ms)
		EndReloadAssembly (1139ms)
			LoadAssemblies (94ms)
			RebuildTransferFunctionScriptingTraits (0ms)
			SetupTypeCache (406ms)
			ReleaseScriptCaches (1ms)
			RebuildScriptCaches (43ms)
			SetupLoadedEditorAssemblies (441ms)
				LogAssemblyErrors (0ms)
				InitializePlatformSupportModulesInManaged (8ms)
				SetLoadedEditorAssemblies (1ms)
				RefreshPlugins (1ms)
				BeforeProcessingInitializeOnLoad (109ms)
				ProcessInitializeOnLoadAttributes (308ms)
				ProcessInitializeOnLoadMethodAttributes (9ms)
				AfterProcessingInitializeOnLoad (6ms)
				EditorAssembliesLoaded (0ms)
			ExecutionOrderSort2 (0ms)
			AwakeInstancesAfterBackupRestoration (11ms)
Platform modules already initialized, skipping
Refreshing native plugins compatible for Editor in 0.95 ms, found 2 plugins.
Preloading 0 native plugins for Editor in 0.00 ms.
Unloading 1608 Unused Serialized files (Serialized files now loaded: 0)
System memory in use before: 76.3 MB.
System memory in use after: 76.4 MB.

Unloading 18 unused Assets to reduce memory usage. Loaded Objects now: 2098.
Total: 4.906600 ms (FindLiveObjects: 0.224300 ms CreateObjectMapping: 0.075900 ms MarkObjects: 4.576800 ms  DeleteObjects: 0.027900 ms)

AssetImportParameters requested are different than current active one (requested -> active):
  custom:framework-win-MediaFoundation: 216162199b28c13a410421893ffa2e32 -> 
  custom:video-decoder-ogg-theora: a1e56fd34408186e4bbccfd4996cb3dc -> 
  custom:container-muxer-webm: aa71ff27fc2769a1b78a27578f13a17b -> 
  custom:container-demuxer-webm: 4f35f7cbe854078d1ac9338744f61a02 -> 
  custom:container-demuxer-ogg: 62fdf1f143b41e24485cea50d1cbac27 -> 
  custom:video-encoder-webm-vp8: eb34c28f22e8b96e1ab97ce403110664 -> 
  custom:video-codec-MediaFoundation-h265: 746d11721c4dcdbdad8f713fa42b33f4 -> 
  custom:video-decoder-webm-vp8: 9c59270c3fd7afecdb556c50c9e8de78 -> 
  custom:audio-decoder-ogg-vorbis: bf7c407c2cedff20999df2af8eb42d56 -> 
  custom:audio-encoder-webm-vorbis: bf7c407c2cedff20999df2af8eb42d56 -> 
========================================================================
Received Import Request.
  Time since last request: 74.862351 seconds.
  path: Assets/Scripts/racing.asset
  artifactKey: Guid(c29a2b8b23b7f7a4dad8fc3ce25d4f88) Importer(815301076,1909f56bfc062723c751e8b465ee728b)
Start importing Assets/Scripts/racing.asset using Guid(c29a2b8b23b7f7a4dad8fc3ce25d4f88) Importer(815301076,1909f56bfc062723c751e8b465ee728b)  -> (artifact id: 'c3bd3813fa517562c844a1d5554d1476') in 0.041907 seconds 
  Import took 0.048831 seconds .

========================================================================
Received Import Request.
  Time since last request: 0.003852 seconds.
  path: Assets/Scripts/racing.asset
  artifactKey: Guid(c29a2b8b23b7f7a4dad8fc3ce25d4f88) Importer(815301076,1909f56bfc062723c751e8b465ee728b)
Start importing Assets/Scripts/racing.asset using Guid(c29a2b8b23b7f7a4dad8fc3ce25d4f88) Importer(815301076,1909f56bfc062723c751e8b465ee728b)  -> (artifact id: 'c3bd3813fa517562c844a1d5554d1476') in 0.004674 seconds 
  Import took 0.011931 seconds .

========================================================================
Received Import Request.
  Time since last request: 4.192573 seconds.
  path: Assets/Scripts/racing 1.asset
  artifactKey: Guid(17621d441d6506343bcb4b541c7e5f8e) Importer(815301076,1909f56bfc062723c751e8b465ee728b)
Start importing Assets/Scripts/racing 1.asset using Guid(17621d441d6506343bcb4b541c7e5f8e) Importer(815301076,1909f56bfc062723c751e8b465ee728b)  -> (artifact id: '8d47530cf33b000c26efa131a5bfe3d4') in 0.012291 seconds 
  Import took 0.050393 seconds .

========================================================================
Received Import Request.
  Time since last request: 0.002159 seconds.
  path: Assets/Scripts/racing 1.asset
  artifactKey: Guid(17621d441d6506343bcb4b541c7e5f8e) Importer(815301076,1909f56bfc062723c751e8b465ee728b)
Start importing Assets/Scripts/racing 1.asset using Guid(17621d441d6506343bcb4b541c7e5f8e) Importer(815301076,1909f56bfc062723c751e8b465ee728b)  -> (artifact id: '8d47530cf33b000c26efa131a5bfe3d4') in 0.005210 seconds 
  Import took 0.009610 seconds .

========================================================================
Received Import Request.
  Time since last request: 3.696186 seconds.
  path: Assets/Scripts/Cyber.asset
  artifactKey: Guid(17621d441d6506343bcb4b541c7e5f8e) Importer(815301076,1909f56bfc062723c751e8b465ee728b)
Start importing Assets/Scripts/Cyber.asset using Guid(17621d441d6506343bcb4b541c7e5f8e) Importer(815301076,1909f56bfc062723c751e8b465ee728b)  -> (artifact id: '7bed5d50aa45e753296b4a164c4c7270') in 0.011845 seconds 
  Import took 0.017123 seconds .

========================================================================
Received Import Request.
  Time since last request: 0.001493 seconds.
  path: Assets/Scripts/Cyber.asset
  artifactKey: Guid(17621d441d6506343bcb4b541c7e5f8e) Importer(815301076,1909f56bfc062723c751e8b465ee728b)
Start importing Assets/Scripts/Cyber.asset using Guid(17621d441d6506343bcb4b541c7e5f8e) Importer(815301076,1909f56bfc062723c751e8b465ee728b)  -> (artifact id: '7bed5d50aa45e753296b4a164c4c7270') in 0.006467 seconds 
  Import took 0.012034 seconds .

========================================================================
Received Import Request.
  Time since last request: 7.664007 seconds.
  path: Assets/Scripts/SOs
  artifactKey: Guid(e7b824235a3e79d489d0c74f1fec359d) Importer(815301076,1909f56bfc062723c751e8b465ee728b)
Start importing Assets/Scripts/SOs using Guid(e7b824235a3e79d489d0c74f1fec359d) Importer(815301076,1909f56bfc062723c751e8b465ee728b)  -> (artifact id: 'a7b7756103ee3d516cdf3c78c175c9f3') in 0.015774 seconds 
  Import took 0.023164 seconds .

========================================================================
Received Import Request.
  Time since last request: 0.000543 seconds.
  path: Assets/Scripts/SOs
  artifactKey: Guid(e7b824235a3e79d489d0c74f1fec359d) Importer(815301076,1909f56bfc062723c751e8b465ee728b)
Start importing Assets/Scripts/SOs using Guid(e7b824235a3e79d489d0c74f1fec359d) Importer(815301076,1909f56bfc062723c751e8b465ee728b)  -> (artifact id: 'a7b7756103ee3d516cdf3c78c175c9f3') in 0.004441 seconds 
  Import took 0.008226 seconds .

========================================================================
Received Prepare
Registering precompiled user dll's ...
Registered in 0.287562 seconds.
Begin MonoManager ReloadAssembly
Native extension for WindowsStandalone target not found
Refreshing native plugins compatible for Editor in 0.37 ms, found 2 plugins.
Preloading 0 native plugins for Editor in 0.00 ms.
Mono: successfully reloaded assembly
- Completed reload, in  1.179 seconds
Domain Reload Profiling:
	ReloadAssembly (1180ms)
		BeginReloadAssembly (121ms)
			ExecutionOrderSort (0ms)
			DisableScriptedObjects (6ms)
			BackupInstance (0ms)
			ReleaseScriptingObjects (0ms)
			CreateAndSetChildDomain (50ms)
		EndReloadAssembly (1002ms)
			LoadAssemblies (85ms)
			RebuildTransferFunctionScriptingTraits (0ms)
			SetupTypeCache (265ms)
			ReleaseScriptCaches (1ms)
			RebuildScriptCaches (38ms)
			SetupLoadedEditorAssemblies (514ms)
				LogAssemblyErrors (0ms)
				InitializePlatformSupportModulesInManaged (5ms)
				SetLoadedEditorAssemblies (0ms)
				RefreshPlugins (0ms)
				BeforeProcessingInitializeOnLoad (76ms)
				ProcessInitializeOnLoadAttributes (422ms)
				ProcessInitializeOnLoadMethodAttributes (6ms)
				AfterProcessingInitializeOnLoad (5ms)
				EditorAssembliesLoaded (0ms)
			ExecutionOrderSort2 (0ms)
			AwakeInstancesAfterBackupRestoration (6ms)
Platform modules already initialized, skipping
Refreshing native plugins compatible for Editor in 0.40 ms, found 2 plugins.
Preloading 0 native plugins for Editor in 0.00 ms.
Unloading 1608 Unused Serialized files (Serialized files now loaded: 0)
System memory in use before: 76.3 MB.
System memory in use after: 76.4 MB.

Unloading 18 unused Assets to reduce memory usage. Loaded Objects now: 2101.
Total: 2.803800 ms (FindLiveObjects: 0.176300 ms CreateObjectMapping: 0.050600 ms MarkObjects: 2.555400 ms  DeleteObjects: 0.020200 ms)

AssetImportParameters requested are different than current active one (requested -> active):
  custom:framework-win-MediaFoundation: 216162199b28c13a410421893ffa2e32 -> 
  custom:video-decoder-ogg-theora: a1e56fd34408186e4bbccfd4996cb3dc -> 
  custom:container-muxer-webm: aa71ff27fc2769a1b78a27578f13a17b -> 
  custom:container-demuxer-webm: 4f35f7cbe854078d1ac9338744f61a02 -> 
  custom:container-demuxer-ogg: 62fdf1f143b41e24485cea50d1cbac27 -> 
  custom:video-encoder-webm-vp8: eb34c28f22e8b96e1ab97ce403110664 -> 
  custom:video-codec-MediaFoundation-h265: 746d11721c4dcdbdad8f713fa42b33f4 -> 
  custom:video-decoder-webm-vp8: 9c59270c3fd7afecdb556c50c9e8de78 -> 
  custom:audio-decoder-ogg-vorbis: bf7c407c2cedff20999df2af8eb42d56 -> 
  custom:audio-encoder-webm-vorbis: bf7c407c2cedff20999df2af8eb42d56 -> 
========================================================================
Received Import Request.
  Time since last request: 3248.996407 seconds.
  path: Assets/Scripts/SOs/Cyber.asset
  artifactKey: Guid(17621d441d6506343bcb4b541c7e5f8e) Importer(815301076,1909f56bfc062723c751e8b465ee728b)
Start importing Assets/Scripts/SOs/Cyber.asset using Guid(17621d441d6506343bcb4b541c7e5f8e) Importer(815301076,1909f56bfc062723c751e8b465ee728b)  -> (artifact id: 'd676473d0e9905a8a68feb1cf0403334') in 0.027436 seconds 
  Import took 0.031383 seconds .

========================================================================
Received Import Request.
  Time since last request: 0.000396 seconds.
  path: Assets/Scripts/SOs/racing.asset
  artifactKey: Guid(c29a2b8b23b7f7a4dad8fc3ce25d4f88) Importer(815301076,1909f56bfc062723c751e8b465ee728b)
Start importing Assets/Scripts/SOs/racing.asset using Guid(c29a2b8b23b7f7a4dad8fc3ce25d4f88) Importer(815301076,1909f56bfc062723c751e8b465ee728b)  -> (artifact id: '52e4f957f8dc62bfe43847f2e0d3faee') in 0.006160 seconds 
  Import took 0.010001 seconds .

========================================================================
Received Import Request.
  Time since last request: 0.160997 seconds.
  path: Assets/Scripts/SOs/Cyber.asset
  artifactKey: Guid(17621d441d6506343bcb4b541c7e5f8e) Importer(815301076,1909f56bfc062723c751e8b465ee728b)
Start importing Assets/Scripts/SOs/Cyber.asset using Guid(17621d441d6506343bcb4b541c7e5f8e) Importer(815301076,1909f56bfc062723c751e8b465ee728b)  -> (artifact id: 'd676473d0e9905a8a68feb1cf0403334') in 0.008336 seconds 
  Import took 0.012799 seconds .

========================================================================
Received Import Request.
  Time since last request: 15.839755 seconds.
  path: Assets/Resources/RC_Player_CarSport.prefab
  artifactKey: Guid(f304bc8a41880644a868f7f73c42072f) Importer(815301076,1909f56bfc062723c751e8b465ee728b)
Start importing Assets/Resources/RC_Player_CarSport.prefab using Guid(f304bc8a41880644a868f7f73c42072f) Importer(815301076,1909f56bfc062723c751e8b465ee728b)  -> (artifact id: '349ac54720d62d6aa7b4721f0c0002cc') in 0.131302 seconds 
  Import took 0.277803 seconds .

========================================================================
Received Import Request.
  Time since last request: 0.000235 seconds.
  path: Assets/Resources/RC_Player_CyberCar.prefab
  artifactKey: Guid(446bcc29e761ecc4ca306ff6467707e0) Importer(815301076,1909f56bfc062723c751e8b465ee728b)
Start importing Assets/Resources/RC_Player_CyberCar.prefab using Guid(446bcc29e761ecc4ca306ff6467707e0) Importer(815301076,1909f56bfc062723c751e8b465ee728b)  -> (artifact id: '384a29ae1fcd9bbcc8915e349677fab4') in 0.045431 seconds 
  Import took 0.184361 seconds .

========================================================================
Received Import Request.
  Time since last request: 21.146611 seconds.
  path: Assets/Resources/RC_Player_CarSport.prefab
  artifactKey: Guid(f304bc8a41880644a868f7f73c42072f) Importer(815301076,1909f56bfc062723c751e8b465ee728b)
Start importing Assets/Resources/RC_Player_CarSport.prefab using Guid(f304bc8a41880644a868f7f73c42072f) Importer(815301076,1909f56bfc062723c751e8b465ee728b)  -> (artifact id: 'd8f691eb67f9035714ee563b3400f042') in 0.020916 seconds 
  Import took 0.025382 seconds .

AssetImportWorkerClient::OnTransportError - code=2 error=End of file
